DEBUG [IRDeviceParams.cpp:155] @ 0.0023653s :Parameters
DEBUG [IRDeviceParams.cpp:156] @ 0.0024822s :serial: 0
DEBUG [IRDeviceParams.cpp:157] @ 0.0025174s :videoformatindex: 0
DEBUG [IRDeviceParams.cpp:158] @ 0.0025464s :fov: 0
DEBUG [IRDeviceParams.cpp:159] @ 0.0025959s :optics_text: 00000000
DEBUG [IRDeviceParams.cpp:160] @ 0.0026699s :formatspath: 0A361920
DEBUG [IRDeviceParams.cpp:161] @ 0.0027322s :calipath: 00000000
DEBUG [IRDeviceParams.cpp:162] @ 0.0028017s :temperature min: 0
DEBUG [IRDeviceParams.cpp:163] @ 0.0028353s :temperature max: 0
DEBUG [IRDeviceParams.cpp:164] @ 0.0028641s :framerate: 20
DEBUG [IRDeviceParams.cpp:165] @ 0.0028902s :bispectral: 0
DEBUG [IRDeviceParams.cpp:166] @ 0.0029153s :average: 0
DEBUG [IRDeviceParams.cpp:167] @ 0.004631s :flag automatic: 1
DEBUG [IRDeviceParams.cpp:168] @ 0.0046737s :min interval: 15
DEBUG [IRDeviceParams.cpp:169] @ 0.0046915s :max interval: 0
DEBUG [IRDeviceParams.cpp:170] @ 0.0047076s :chip heating mode: 0
DEBUG [IRDeviceParams.cpp:171] @ 0.0047268s :chip heating fixed val: 40
DEBUG [IRDeviceParams.cpp:172] @ 0.0047429s :focus:  50
DEBUG [IRDeviceParams.cpp:173] @ 0.0047636s :enable extended temp range: 0
DEBUG [IRDeviceParams.cpp:174] @ 0.00478s :buffer queue size: 5
ERROR [IRDeviceDS.cpp:717] @ 0.0230483s :create video graph failed hr=0
ERROR [DirectBridgeClientUSB.cpp:160] @ 0.0231229s :UVC device with serial 0 could not be found
