DEBUG [IRDeviceParams.cpp:155] @ 0.0026537s :Parameters
DEBUG [IRDeviceParams.cpp:156] @ 0.0027559s :serial: 0
DEBUG [IRDeviceParams.cpp:157] @ 0.0027895s :videoformatindex: 0
DEBUG [IRDeviceParams.cpp:158] @ 0.0028167s :fov: 0
DEBUG [IRDeviceParams.cpp:159] @ 0.0028419s :optics_text: 00000000
DEBUG [IRDeviceParams.cpp:160] @ 0.0028678s :formatspath: 09A23ED8
DEBUG [IRDeviceParams.cpp:161] @ 0.0028992s :calipath: 00000000
DEBUG [IRDeviceParams.cpp:162] @ 0.0029254s :temperature min: 0
DEBUG [IRDeviceParams.cpp:163] @ 0.0029499s :temperature max: 0
DEBUG [IRDeviceParams.cpp:164] @ 0.0029762s :framerate: 20
DEBUG [IRDeviceParams.cpp:165] @ 0.0030008s :bispectral: 0
DEBUG [IRDeviceParams.cpp:166] @ 0.0030258s :average: 0
DEBUG [IRDeviceParams.cpp:167] @ 0.0034193s :flag automatic: 1
DEBUG [IRDeviceParams.cpp:168] @ 0.0034876s :min interval: 15
DEBUG [IRDeviceParams.cpp:169] @ 0.0035162s :max interval: 0
DEBUG [IRDeviceParams.cpp:170] @ 0.0035354s :chip heating mode: 0
DEBUG [IRDeviceParams.cpp:171] @ 0.0035539s :chip heating fixed val: 40
DEBUG [IRDeviceParams.cpp:172] @ 0.0035999s :focus:  50
DEBUG [IRDeviceParams.cpp:173] @ 0.0036233s :enable extended temp range: 0
DEBUG [IRDeviceParams.cpp:174] @ 0.003775s :buffer queue size: 5
ERROR [IRDeviceDS.cpp:717] @ 0.0778998s :create video graph failed hr=0
ERROR [DirectBridgeClientUSB.cpp:160] @ 0.0780229s :UVC device with serial 0 could not be found
