DEBUG [IRDeviceParams.cpp:155] @ 0.0034146s :Parameters
DEBUG [IRDeviceParams.cpp:156] @ 0.0038098s :serial: 0
DEBUG [IRDeviceParams.cpp:157] @ 0.003848s :videoformatindex: 0
DEBUG [IRDeviceParams.cpp:158] @ 0.0038778s :fov: 0
DEBUG [IRDeviceParams.cpp:159] @ 0.0039067s :optics_text: 00000000
DEBUG [IRDeviceParams.cpp:160] @ 0.0039355s :formatspath: 098710A0
DEBUG [IRDeviceParams.cpp:161] @ 0.0039735s :calipath: 00000000
DEBUG [IRDeviceParams.cpp:162] @ 0.0040032s :temperature min: 0
DEBUG [IRDeviceParams.cpp:163] @ 0.0040309s :temperature max: 0
DEBUG [IRDeviceParams.cpp:164] @ 0.0040597s :framerate: 20
DEBUG [IRDeviceParams.cpp:165] @ 0.0040884s :bispectral: 0
DEBUG [IRDeviceParams.cpp:166] @ 0.0041165s :average: 0
DEBUG [IRDeviceParams.cpp:167] @ 0.0042146s :flag automatic: 1
DEBUG [IRDeviceParams.cpp:168] @ 0.0042414s :min interval: 15
DEBUG [IRDeviceParams.cpp:169] @ 0.0042603s :max interval: 0
DEBUG [IRDeviceParams.cpp:170] @ 0.0042779s :chip heating mode: 0
DEBUG [IRDeviceParams.cpp:171] @ 0.0042967s :chip heating fixed val: 40
DEBUG [IRDeviceParams.cpp:172] @ 0.004315s :focus:  50
DEBUG [IRDeviceParams.cpp:173] @ 0.0045074s :enable extended temp range: 0
DEBUG [IRDeviceParams.cpp:174] @ 0.0045346s :buffer queue size: 5
ERROR [IRDeviceDS.cpp:717] @ 0.0228875s :create video graph failed hr=0
ERROR [DirectBridgeClientUSB.cpp:160] @ 0.0229474s :UVC device with serial 0 could not be found
